This file contains any messages produced by compilers while
running configure, to aid debugging if configure makes a mistake.

It was created by Apophenia configure 0.999, which was
generated by GNU Autoconf 2.69.  Invocation command line was

  $ ./configure 

## --------- ##
## Platform. ##
## --------- ##

hostname = Anna
uname -m = x86_64
uname -r = 3.14.3-200.fc20.x86_64
uname -s = Linux
uname -v = #1 SMP Tue May 6 19:00:18 UTC 2014

/usr/bin/uname -p = x86_64
/bin/uname -X     = unknown

/bin/arch              = x86_64
/usr/bin/arch -k       = unknown
/usr/convex/getsysinfo = unknown
/usr/bin/hostinfo      = unknown
/bin/machine           = unknown
/usr/bin/oslevel       = unknown
/bin/universe          = unknown

PATH: ./
PATH: ./
PATH: /usr/lib64/qt-3.3/bin
PATH: /usr/lib64/ccache
PATH: /usr/local/bin
PATH: /usr/bin
PATH: /bin
PATH: /home/b/bin
PATH: /usr/local/sbin
PATH: /usr/sbin
PATH: /home/b/tech/bin
PATH: .
PATH: /home/b/bin
PATH: /home/b/tech/bin
PATH: .


## ----------- ##
## Core tests. ##
## ----------- ##

configure:2188: loading site script /usr/share/config.site
| # This is the config.site file to satisfy FHS defaults when installing below
| # /usr.
| #
| # You may override this file by your config.site using the CONFIG_SITE env
| # variable.
| #
| # Note: This file includes also RHEL/Fedora fix for installing libraries into
| # "/lib/lib64" on 64bit systems.
| 
| if test -n "$host"; then
|     # skip when cross-compiling
|     return 0
| fi
| 
| if test "$prefix" = /usr; then
|     test "$sysconfdir" = '${prefix}/etc' && sysconfdir=/etc
|     test "$sharedstatedir" = '${prefix}/com' && sharedstatedir=/var
|     test "$localstatedir" = '${prefix}/var' && localstatedir=/var
| 
|     ARCH=`uname -m`
|     for i in x86_64 ppc64 s390x aarch64; do
|         if test $ARCH = $i; then
|             test "$libdir" = '${exec_prefix}/lib' && libdir='${exec_prefix}/lib64'
|             break
|         fi
|     done
| fi
configure:2295: checking whether make supports nested variables
configure:2312: result: yes
configure:2372: checking for a BSD-compatible install
configure:2440: result: /usr/bin/install -c
configure:2451: checking whether build environment is sane
configure:2506: result: yes
configure:2657: checking for a thread-safe mkdir -p
configure:2696: result: /usr/bin/mkdir -p
configure:2703: checking for gawk
configure:2719: found /usr/bin/gawk
configure:2730: result: gawk
configure:2741: checking whether make sets $(MAKE)
configure:2763: result: yes
configure:2888: checking build system type
configure:2902: result: x86_64-unknown-linux-gnu
configure:2922: checking host system type
configure:2935: result: x86_64-unknown-linux-gnu
configure:2976: checking how to print strings
configure:3003: result: printf
configure:3036: checking for style of include used by make
configure:3064: result: GNU
configure:3135: checking for gcc
configure:3151: found /usr/lib64/ccache/gcc
configure:3162: result: gcc
configure:3391: checking for C compiler version
configure:3400: gcc --version >&5
gcc (GCC) 4.8.2 20131212 (Red Hat 4.8.2-7)
Copyright (C) 2013 Free Software Foundation, Inc.
This is free software; see the source for copying conditions.  There is NO
warranty; not even for MERCHANTABILITY or FITNESS FOR A PARTICULAR PURPOSE.

configure:3411: $? = 0
configure:3400: gcc -v >&5
Using built-in specs.
COLLECT_GCC=/usr/bin/gcc
COLLECT_LTO_WRAPPER=/usr/libexec/gcc/x86_64-redhat-linux/4.8.2/lto-wrapper
Target: x86_64-redhat-linux
Configured with: ../configure --prefix=/usr --mandir=/usr/share/man --infodir=/usr/share/info --with-bugurl=http://bugzilla.redhat.com/bugzilla --enable-bootstrap --enable-shared --enable-threads=posix --enable-checking=release --with-system-zlib --enable-__cxa_atexit --disable-libunwind-exceptions --enable-gnu-unique-object --enable-linker-build-id --with-linker-hash-style=gnu --enable-languages=c,c++,objc,obj-c++,java,fortran,ada,go,lto --enable-plugin --enable-initfini-array --enable-java-awt=gtk --disable-dssi --with-java-home=/usr/lib/jvm/java-1.5.0-gcj-1.5.0.0/jre --enable-libgcj-multifile --enable-java-maintainer-mode --with-ecj-jar=/usr/share/java/eclipse-ecj.jar --disable-libjava-multilib --with-isl=/builddir/build/BUILD/gcc-4.8.2-20131212/obj-x86_64-redhat-linux/isl-install --with-cloog=/builddir/build/BUILD/gcc-4.8.2-20131212/obj-x86_64-redhat-linux/cloog-install --with-tune=generic --with-arch_32=i686 --build=x86_64-redhat-linux
Thread model: posix
gcc version 4.8.2 20131212 (Red Hat 4.8.2-7) (GCC) 
configure:3411: $? = 0
configure:3400: gcc -V >&5
gcc: error: unrecognized command line option '-V'
gcc: fatal error: no input files
compilation terminated.
configure:3411: $? = 4
configure:3400: gcc -qversion >&5
gcc: error: unrecognized command line option '-qversion'
gcc: fatal error: no input files
compilation terminated.
configure:3411: $? = 4
configure:3431: checking whether the C compiler works
configure:3453: gcc    conftest.c  >&5
configure:3457: $? = 0
configure:3505: result: yes
configure:3508: checking for C compiler default output file name
configure:3510: result: a.out
configure:3516: checking for suffix of executables
configure:3523: gcc -o conftest    conftest.c  >&5
configure:3527: $? = 0
configure:3549: result: 
configure:3571: checking whether we are cross compiling
configure:3579: gcc -o conftest    conftest.c  >&5
configure:3583: $? = 0
configure:3590: ./conftest
configure:3594: $? = 0
configure:3609: result: no
configure:3614: checking for suffix of object files
configure:3636: gcc -c   conftest.c >&5
configure:3640: $? = 0
configure:3661: result: o
configure:3665: checking whether we are using the GNU C compiler
configure:3684: gcc -c   conftest.c >&5
configure:3684: $? = 0
configure:3693: result: yes
configure:3702: checking whether gcc accepts -g
configure:3722: gcc -c -g  conftest.c >&5
configure:3722: $? = 0
configure:3763: result: yes
configure:3780: checking for gcc option to accept ISO C89
configure:3843: gcc  -c -g -O2  conftest.c >&5
configure:3843: $? = 0
configure:3856: result: none needed
configure:3878: checking dependency style of gcc
configure:3989: result: gcc3
configure:4004: checking for a sed that does not truncate output
configure:4068: result: /usr/bin/sed
configure:4086: checking for grep that handles long lines and -e
configure:4144: result: /usr/bin/grep
configure:4149: checking for egrep
configure:4211: result: /usr/bin/grep -E
configure:4216: checking for fgrep
configure:4278: result: /usr/bin/grep -F
configure:4313: checking for ld used by gcc
configure:4380: result: /usr/bin/ld
configure:4387: checking if the linker (/usr/bin/ld) is GNU ld
configure:4402: result: yes
configure:4414: checking for BSD- or MS-compatible name lister (nm)
configure:4463: result: /usr/bin/nm -B
configure:4593: checking the name lister (/usr/bin/nm -B) interface
configure:4600: gcc -c -g -O2  conftest.c >&5
configure:4603: /usr/bin/nm -B "conftest.o"
configure:4606: output
0000000000000000 B some_variable
configure:4613: result: BSD nm
configure:4616: checking whether ln -s works
configure:4620: result: yes
configure:4628: checking the maximum length of command line arguments
configure:4758: result: 1572864
configure:4775: checking whether the shell understands some XSI constructs
configure:4785: result: yes
configure:4789: checking whether the shell understands "+="
configure:4795: result: yes
configure:4830: checking how to convert x86_64-unknown-linux-gnu file names to x86_64-unknown-linux-gnu format
configure:4870: result: func_convert_file_noop
configure:4877: checking how to convert x86_64-unknown-linux-gnu file names to toolchain format
configure:4897: result: func_convert_file_noop
configure:4904: checking for /usr/bin/ld option to reload object files
configure:4911: result: -r
configure:4985: checking for objdump
configure:5001: found /usr/bin/objdump
configure:5012: result: objdump
configure:5044: checking how to recognize dependent libraries
configure:5246: result: pass_all
configure:5331: checking for dlltool
configure:5361: result: no
configure:5391: checking how to associate runtime and link libraries
configure:5418: result: printf %s\n
configure:5479: checking for ar
configure:5495: found /usr/bin/ar
configure:5506: result: ar
configure:5543: checking for archiver @FILE support
configure:5560: gcc -c -g -O2  conftest.c >&5
configure:5560: $? = 0
configure:5563: ar cru libconftest.a @conftest.lst >&5
configure:5566: $? = 0
configure:5571: ar cru libconftest.a @conftest.lst >&5
ar: conftest.o: No such file or directory
configure:5574: $? = 1
configure:5586: result: @
configure:5644: checking for strip
configure:5660: found /usr/bin/strip
configure:5671: result: strip
configure:5743: checking for ranlib
configure:5759: found /usr/bin/ranlib
configure:5770: result: ranlib
configure:5872: checking command to parse /usr/bin/nm -B output from gcc object
configure:5992: gcc -c -g -O2  conftest.c >&5
configure:5995: $? = 0
configure:5999: /usr/bin/nm -B conftest.o \| sed -n -e 's/^.*[ ]\([ABCDGIRSTW][ABCDGIRSTW]*\)[ ][ ]*\([_A-Za-z][_A-Za-z0-9]*\)$/\1 \2 \2/p' | sed '/ __gnu_lto/d' \> conftest.nm
configure:6002: $? = 0
configure:6068: gcc -o conftest -g -O2   conftest.c conftstm.o >&5
configure:6071: $? = 0
configure:6109: result: ok
configure:6146: checking for sysroot
configure:6176: result: no
configure:6253: gcc -c -g -O2  conftest.c >&5
configure:6256: $? = 0
configure:6438: checking for mt
configure:6468: result: no
configure:6488: checking if : is a manifest tool
configure:6494: : '-?'
configure:6502: result: no
configure:7144: checking how to run the C preprocessor
configure:7175: gcc -E  conftest.c
configure:7175: $? = 0
configure:7189: gcc -E  conftest.c
conftest.c:11:28: fatal error: ac_nonexistent.h: No such file or directory
 #include <ac_nonexistent.h>
                            ^
compilation terminated.
configure:7189: $? = 1
configure: failed program was:
| /* confdefs.h */
| #define PACKAGE_NAME "Apophenia"
| #define PACKAGE_TARNAME "apophenia"
| #define PACKAGE_VERSION "0.999"
| #define PACKAGE_STRING "Apophenia 0.999"
| #define PACKAGE_BUGREPORT "fluffmail@f-m.fm"
| #define PACKAGE_URL ""
| #define PACKAGE "apophenia"
| #define VERSION "0.999"
| /* end confdefs.h.  */
| #include <ac_nonexistent.h>
configure:7214: result: gcc -E
configure:7234: gcc -E  conftest.c
configure:7234: $? = 0
configure:7248: gcc -E  conftest.c
conftest.c:11:28: fatal error: ac_nonexistent.h: No such file or directory
 #include <ac_nonexistent.h>
                            ^
compilation terminated.
configure:7248: $? = 1
configure: failed program was:
| /* confdefs.h */
| #define PACKAGE_NAME "Apophenia"
| #define PACKAGE_TARNAME "apophenia"
| #define PACKAGE_VERSION "0.999"
| #define PACKAGE_STRING "Apophenia 0.999"
| #define PACKAGE_BUGREPORT "fluffmail@f-m.fm"
| #define PACKAGE_URL ""
| #define PACKAGE "apophenia"
| #define VERSION "0.999"
| /* end confdefs.h.  */
| #include <ac_nonexistent.h>
configure:7277: checking for ANSI C header files
configure:7297: gcc -c -g -O2  conftest.c >&5
configure:7297: $? = 0
configure:7370: gcc -o conftest -g -O2   conftest.c  >&5
configure:7370: $? = 0
configure:7370: ./conftest
configure:7370: $? = 0
configure:7381: result: yes
configure:7394: checking for sys/types.h
configure:7394: gcc -c -g -O2  conftest.c >&5
configure:7394: $? = 0
configure:7394: result: yes
configure:7394: checking for sys/stat.h
configure:7394: gcc -c -g -O2  conftest.c >&5
configure:7394: $? = 0
configure:7394: result: yes
configure:7394: checking for stdlib.h
configure:7394: gcc -c -g -O2  conftest.c >&5
configure:7394: $? = 0
configure:7394: result: yes
configure:7394: checking for string.h
configure:7394: gcc -c -g -O2  conftest.c >&5
configure:7394: $? = 0
configure:7394: result: yes
configure:7394: checking for memory.h
configure:7394: gcc -c -g -O2  conftest.c >&5
configure:7394: $? = 0
configure:7394: result: yes
configure:7394: checking for strings.h
configure:7394: gcc -c -g -O2  conftest.c >&5
configure:7394: $? = 0
configure:7394: result: yes
configure:7394: checking for inttypes.h
configure:7394: gcc -c -g -O2  conftest.c >&5
configure:7394: $? = 0
configure:7394: result: yes
configure:7394: checking for stdint.h
configure:7394: gcc -c -g -O2  conftest.c >&5
configure:7394: $? = 0
configure:7394: result: yes
configure:7394: checking for unistd.h
configure:7394: gcc -c -g -O2  conftest.c >&5
configure:7394: $? = 0
configure:7394: result: yes
configure:7408: checking for dlfcn.h
configure:7408: gcc -c -g -O2  conftest.c >&5
configure:7408: $? = 0
configure:7408: result: yes
configure:7614: checking for objdir
configure:7629: result: .libs
configure:7900: checking if gcc supports -fno-rtti -fno-exceptions
configure:7918: gcc -c -g -O2  -fno-rtti -fno-exceptions conftest.c >&5
cc1: warning: command line option '-fno-rtti' is valid for C++/ObjC++ but not for C [enabled by default]
cc1: warning: command line option '-fno-rtti' is valid for C++/ObjC++ but not for C [enabled by default]
configure:7922: $? = 0
configure:7935: result: no
configure:8262: checking for gcc option to produce PIC
configure:8269: result: -fPIC -DPIC
configure:8277: checking if gcc PIC flag -fPIC -DPIC works
configure:8295: gcc -c -g -O2  -fPIC -DPIC -DPIC conftest.c >&5
configure:8299: $? = 0
configure:8312: result: yes
configure:8341: checking if gcc static flag -static works
configure:8369: result: no
configure:8384: checking if gcc supports -c -o file.o
configure:8405: gcc -c -g -O2  -o out/conftest2.o conftest.c >&5
configure:8409: $? = 0
configure:8431: result: yes
configure:8439: checking if gcc supports -c -o file.o
configure:8486: result: yes
configure:8519: checking whether the gcc linker (/usr/bin/ld -m elf_x86_64) supports shared libraries
configure:9672: result: yes
configure:9709: checking whether -lc should be explicitly linked in
configure:9717: gcc -c -g -O2  conftest.c >&5
configure:9720: $? = 0
configure:9735: gcc -shared  -fPIC -DPIC conftest.o  -v -Wl,-soname -Wl,conftest -o conftest 2\>\&1 \| /usr/bin/grep  -lc  \>/dev/null 2\>\&1
configure:9738: $? = 0
configure:9752: result: no
configure:9912: checking dynamic linker characteristics
configure:10423: gcc -o conftest -g -O2   -Wl,-rpath -Wl,/foo conftest.c  >&5
configure:10423: $? = 0
configure:10649: result: GNU/Linux ld.so
configure:10756: checking how to hardcode library paths into programs
configure:10781: result: immediate
configure:11321: checking whether stripping libraries is possible
configure:11326: result: yes
configure:11361: checking if libtool supports shared libraries
configure:11363: result: yes
configure:11366: checking whether to build shared libraries
configure:11387: result: yes
configure:11390: checking whether to build static libraries
configure:11394: result: yes
configure:11481: checking for gcc
configure:11508: result: gcc
configure:11737: checking for C compiler version
configure:11746: gcc --version >&5
gcc (GCC) 4.8.2 20131212 (Red Hat 4.8.2-7)
Copyright (C) 2013 Free Software Foundation, Inc.
This is free software; see the source for copying conditions.  There is NO
warranty; not even for MERCHANTABILITY or FITNESS FOR A PARTICULAR PURPOSE.

configure:11757: $? = 0
configure:11746: gcc -v >&5
Using built-in specs.
COLLECT_GCC=/usr/bin/gcc
COLLECT_LTO_WRAPPER=/usr/libexec/gcc/x86_64-redhat-linux/4.8.2/lto-wrapper
Target: x86_64-redhat-linux
Configured with: ../configure --prefix=/usr --mandir=/usr/share/man --infodir=/usr/share/info --with-bugurl=http://bugzilla.redhat.com/bugzilla --enable-bootstrap --enable-shared --enable-threads=posix --enable-checking=release --with-system-zlib --enable-__cxa_atexit --disable-libunwind-exceptions --enable-gnu-unique-object --enable-linker-build-id --with-linker-hash-style=gnu --enable-languages=c,c++,objc,obj-c++,java,fortran,ada,go,lto --enable-plugin --enable-initfini-array --enable-java-awt=gtk --disable-dssi --with-java-home=/usr/lib/jvm/java-1.5.0-gcj-1.5.0.0/jre --enable-libgcj-multifile --enable-java-maintainer-mode --with-ecj-jar=/usr/share/java/eclipse-ecj.jar --disable-libjava-multilib --with-isl=/builddir/build/BUILD/gcc-4.8.2-20131212/obj-x86_64-redhat-linux/isl-install --with-cloog=/builddir/build/BUILD/gcc-4.8.2-20131212/obj-x86_64-redhat-linux/cloog-install --with-tune=generic --with-arch_32=i686 --build=x86_64-redhat-linux
Thread model: posix
gcc version 4.8.2 20131212 (Red Hat 4.8.2-7) (GCC) 
configure:11757: $? = 0
configure:11746: gcc -V >&5
gcc: error: unrecognized command line option '-V'
gcc: fatal error: no input files
compilation terminated.
configure:11757: $? = 4
configure:11746: gcc -qversion >&5
gcc: error: unrecognized command line option '-qversion'
gcc: fatal error: no input files
compilation terminated.
configure:11757: $? = 4
configure:11761: checking whether we are using the GNU C compiler
configure:11789: result: yes
configure:11798: checking whether gcc accepts -g
configure:11859: result: yes
configure:11876: checking for gcc option to accept ISO C89
configure:11952: result: none needed
configure:11974: checking dependency style of gcc
configure:12085: result: gcc3
configure:12100: checking for gcc option to accept ISO C99
configure:12249: gcc  -c -g -O2  conftest.c >&5
conftest.c:73:29: error: expected ';', ',' or ')' before 'text'
 test_restrict (ccp restrict text)
                             ^
conftest.c: In function 'main':
conftest.c:127:18: error: expected '=', ',', ';', 'asm' or '__attribute__' before 'newvar'
   char *restrict newvar = "Another string";
                  ^
conftest.c:127:18: error: 'newvar' undeclared (first use in this function)
conftest.c:127:18: note: each undeclared identifier is reported only once for each function it appears in
conftest.c:137:3: error: 'for' loop initial declarations are only allowed in C99 mode
   for (int i = 0; i < ia->datasize; ++i)
   ^
conftest.c:137:3: note: use option -std=c99 or -std=gnu99 to compile your code
configure:12249: $? = 1
configure: failed program was:
| /* confdefs.h */
| #define PACKAGE_NAME "Apophenia"
| #define PACKAGE_TARNAME "apophenia"
| #define PACKAGE_VERSION "0.999"
| #define PACKAGE_STRING "Apophenia 0.999"
| #define PACKAGE_BUGREPORT "fluffmail@f-m.fm"
| #define PACKAGE_URL ""
| #define PACKAGE "apophenia"
| #define VERSION "0.999"
| #define STDC_HEADERS 1
| #define HAVE_SYS_TYPES_H 1
| #define HAVE_SYS_STAT_H 1
| #define HAVE_STDLIB_H 1
| #define HAVE_STRING_H 1
| #define HAVE_MEMORY_H 1
| #define HAVE_STRINGS_H 1
| #define HAVE_INTTYPES_H 1
| #define HAVE_STDINT_H 1
| #define HAVE_UNISTD_H 1
| #define HAVE_DLFCN_H 1
| #define LT_OBJDIR ".libs/"
| /* end confdefs.h.  */
| #include <stdarg.h>
| #include <stdbool.h>
| #include <stdlib.h>
| #include <wchar.h>
| #include <stdio.h>
| 
| // Check varargs macros.  These examples are taken from C99 6.10.3.5.
| #define debug(...) fprintf (stderr, __VA_ARGS__)
| #define showlist(...) puts (#__VA_ARGS__)
| #define report(test,...) ((test) ? puts (#test) : printf (__VA_ARGS__))
| static void
| test_varargs_macros (void)
| {
|   int x = 1234;
|   int y = 5678;
|   debug ("Flag");
|   debug ("X = %d\n", x);
|   showlist (The first, second, and third items.);
|   report (x>y, "x is %d but y is %d", x, y);
| }
| 
| // Check long long types.
| #define BIG64 18446744073709551615ull
| #define BIG32 4294967295ul
| #define BIG_OK (BIG64 / BIG32 == 4294967297ull && BIG64 % BIG32 == 0)
| #if !BIG_OK
|   your preprocessor is broken;
| #endif
| #if BIG_OK
| #else
|   your preprocessor is broken;
| #endif
| static long long int bignum = -9223372036854775807LL;
| static unsigned long long int ubignum = BIG64;
| 
| struct incomplete_array
| {
|   int datasize;
|   double data[];
| };
| 
| struct named_init {
|   int number;
|   const wchar_t *name;
|   double average;
| };
| 
| typedef const char *ccp;
| 
| static inline int
| test_restrict (ccp restrict text)
| {
|   // See if C++-style comments work.
|   // Iterate through items via the restricted pointer.
|   // Also check for declarations in for loops.
|   for (unsigned int i = 0; *(text+i) != '\0'; ++i)
|     continue;
|   return 0;
| }
| 
| // Check varargs and va_copy.
| static void
| test_varargs (const char *format, ...)
| {
|   va_list args;
|   va_start (args, format);
|   va_list args_copy;
|   va_copy (args_copy, args);
| 
|   const char *str;
|   int number;
|   float fnumber;
| 
|   while (*format)
|     {
|       switch (*format++)
| 	{
| 	case 's': // string
| 	  str = va_arg (args_copy, const char *);
| 	  break;
| 	case 'd': // int
| 	  number = va_arg (args_copy, int);
| 	  break;
| 	case 'f': // float
| 	  fnumber = va_arg (args_copy, double);
| 	  break;
| 	default:
| 	  break;
| 	}
|     }
|   va_end (args_copy);
|   va_end (args);
| }
| 
| int
| main ()
| {
| 
|   // Check bool.
|   _Bool success = false;
| 
|   // Check restrict.
|   if (test_restrict ("String literal") == 0)
|     success = true;
|   char *restrict newvar = "Another string";
| 
|   // Check varargs.
|   test_varargs ("s, d' f .", "string", 65, 34.234);
|   test_varargs_macros ();
| 
|   // Check flexible array members.
|   struct incomplete_array *ia =
|     malloc (sizeof (struct incomplete_array) + (sizeof (double) * 10));
|   ia->datasize = 10;
|   for (int i = 0; i < ia->datasize; ++i)
|     ia->data[i] = i * 1.234;
| 
|   // Check named initializers.
|   struct named_init ni = {
|     .number = 34,
|     .name = L"Test wide string",
|     .average = 543.34343,
|   };
| 
|   ni.number = 58;
| 
|   int dynamic_array[ni.number];
|   dynamic_array[ni.number - 1] = 543;
| 
|   // work around unused variable warnings
|   return (!success || bignum == 0LL || ubignum == 0uLL || newvar[0] == 'x'
| 	  || dynamic_array[ni.number - 1] != 543);
| 
|   ;
|   return 0;
| }
configure:12249: gcc -std=gnu99 -c -g -O2  conftest.c >&5
configure:12249: $? = 0
configure:12269: result: -std=gnu99
configure:12279: checking for cos in -lm
configure:12304: gcc -std=gnu99 -o conftest -g -O2   conftest.c -lm   >&5
conftest.c:30:6: warning: conflicting types for built-in function 'cos' [enabled by default]
 char cos ();
      ^
configure:12304: $? = 0
configure:12313: result: yes
configure:12324: checking for cblas_dgemm in -lgslcblas
configure:12349: gcc -std=gnu99 -o conftest -g -O2   conftest.c -lgslcblas  -lm  >&5
configure:12349: $? = 0
configure:12358: result: yes
configure:12369: checking for gsl_blas_dgemm in -lgsl
configure:12394: gcc -std=gnu99 -o conftest -g -O2   conftest.c -lgsl  -lgslcblas -lm  >&5
configure:12394: $? = 0
configure:12403: result: yes
configure:12415: checking for sqlite3_exec in -lsqlite3
configure:12440: gcc -std=gnu99 -o conftest -g -O2   conftest.c -lsqlite3  -lgsl -lgslcblas -lm  >&5
configure:12440: $? = 0
configure:12449: result: yes
configure:12461: checking gsl/gsl_matrix.h usability
configure:12461: gcc -std=gnu99 -c -g -O2  conftest.c >&5
configure:12461: $? = 0
configure:12461: result: yes
configure:12461: checking gsl/gsl_matrix.h presence
configure:12461: gcc -E  conftest.c
configure:12461: $? = 0
configure:12461: result: yes
configure:12461: checking for gsl/gsl_matrix.h
configure:12461: result: yes
configure:12472: checking sqlite3.h usability
configure:12472: gcc -std=gnu99 -c -g -O2  conftest.c >&5
configure:12472: $? = 0
configure:12472: result: yes
configure:12472: checking sqlite3.h presence
configure:12472: gcc -E  conftest.c
configure:12472: $? = 0
configure:12472: result: yes
configure:12472: checking for sqlite3.h
configure:12472: result: yes
configure:12484: checking for size_t
configure:12484: gcc -std=gnu99 -c -g -O2  conftest.c >&5
configure:12484: $? = 0
configure:12484: gcc -std=gnu99 -c -g -O2  conftest.c >&5
conftest.c: In function 'main':
conftest.c:63:21: error: expected expression before ')' token
 if (sizeof ((size_t)))
                     ^
configure:12484: $? = 1
configure: failed program was:
| /* confdefs.h */
| #define PACKAGE_NAME "Apophenia"
| #define PACKAGE_TARNAME "apophenia"
| #define PACKAGE_VERSION "0.999"
| #define PACKAGE_STRING "Apophenia 0.999"
| #define PACKAGE_BUGREPORT "fluffmail@f-m.fm"
| #define PACKAGE_URL ""
| #define PACKAGE "apophenia"
| #define VERSION "0.999"
| #define STDC_HEADERS 1
| #define HAVE_SYS_TYPES_H 1
| #define HAVE_SYS_STAT_H 1
| #define HAVE_STDLIB_H 1
| #define HAVE_STRING_H 1
| #define HAVE_MEMORY_H 1
| #define HAVE_STRINGS_H 1
| #define HAVE_INTTYPES_H 1
| #define HAVE_STDINT_H 1
| #define HAVE_UNISTD_H 1
| #define HAVE_DLFCN_H 1
| #define LT_OBJDIR ".libs/"
| #define HAVE_LIBM 1
| #define HAVE_LIBGSLCBLAS 1
| #define HAVE_LIBGSL 1
| #define HAVE_LIBSQLITE3 1
| /* end confdefs.h.  */
| #include <stdio.h>
| #ifdef HAVE_SYS_TYPES_H
| # include <sys/types.h>
| #endif
| #ifdef HAVE_SYS_STAT_H
| # include <sys/stat.h>
| #endif
| #ifdef STDC_HEADERS
| # include <stdlib.h>
| # include <stddef.h>
| #else
| # ifdef HAVE_STDLIB_H
| #  include <stdlib.h>
| # endif
| #endif
| #ifdef HAVE_STRING_H
| # if !defined STDC_HEADERS && defined HAVE_MEMORY_H
| #  include <memory.h>
| # endif
| # include <string.h>
| #endif
| #ifdef HAVE_STRINGS_H
| # include <strings.h>
| #endif
| #ifdef HAVE_INTTYPES_H
| # include <inttypes.h>
| #endif
| #ifdef HAVE_STDINT_H
| # include <stdint.h>
| #endif
| #ifdef HAVE_UNISTD_H
| # include <unistd.h>
| #endif
| int
| main ()
| {
| if (sizeof ((size_t)))
| 	    return 0;
|   ;
|   return 0;
| }
configure:12484: result: yes
configure:12497: checking for working alloca.h
configure:12514: gcc -std=gnu99 -o conftest -g -O2   conftest.c -lsqlite3 -lgsl -lgslcblas -lm  >&5
configure:12514: $? = 0
configure:12522: result: yes
configure:12530: checking for alloca
configure:12567: gcc -std=gnu99 -o conftest -g -O2   conftest.c -lsqlite3 -lgsl -lgslcblas -lm  >&5
configure:12567: $? = 0
configure:12575: result: yes
configure:12681: checking for ANSI C header files
configure:12785: result: yes
configure:12796: checking float.h usability
configure:12796: gcc -std=gnu99 -c -g -O2  conftest.c >&5
configure:12796: $? = 0
configure:12796: result: yes
configure:12796: checking float.h presence
configure:12796: gcc -E  conftest.c
configure:12796: $? = 0
configure:12796: result: yes
configure:12796: checking for float.h
configure:12796: result: yes
configure:12796: checking for inttypes.h
configure:12796: result: yes
configure:12796: checking limits.h usability
configure:12796: gcc -std=gnu99 -c -g -O2  conftest.c >&5
configure:12796: $? = 0
configure:12796: result: yes
configure:12796: checking limits.h presence
configure:12796: gcc -E  conftest.c
configure:12796: $? = 0
configure:12796: result: yes
configure:12796: checking for limits.h
configure:12796: result: yes
configure:12796: checking stddef.h usability
configure:12796: gcc -std=gnu99 -c -g -O2  conftest.c >&5
configure:12796: $? = 0
configure:12796: result: yes
configure:12796: checking stddef.h presence
configure:12796: gcc -E  conftest.c
configure:12796: $? = 0
configure:12796: result: yes
configure:12796: checking for stddef.h
configure:12796: result: yes
configure:12796: checking for stdint.h
configure:12796: result: yes
configure:12796: checking for stdlib.h
configure:12796: result: yes
configure:12796: checking for string.h
configure:12796: result: yes
configure:12796: checking for unistd.h
configure:12796: result: yes
configure:12796: checking wchar.h usability
configure:12796: gcc -std=gnu99 -c -g -O2  conftest.c >&5
configure:12796: $? = 0
configure:12796: result: yes
configure:12796: checking wchar.h presence
configure:12796: gcc -E  conftest.c
configure:12796: $? = 0
configure:12796: result: yes
configure:12796: checking for wchar.h
configure:12796: result: yes
configure:12808: checking for an ANSI C-conforming const
configure:12874: gcc -std=gnu99 -c -g -O2  conftest.c >&5
configure:12874: $? = 0
configure:12881: result: yes
configure:12889: checking for inline
configure:12905: gcc -std=gnu99 -c -g -O2  conftest.c >&5
configure:12905: $? = 0
configure:12913: result: inline
configure:12931: checking for size_t
configure:12931: result: yes
configure:12942: checking whether struct tm is in sys/time.h or time.h
configure:12962: gcc -std=gnu99 -c -g -O2  conftest.c >&5
configure:12962: $? = 0
configure:12969: result: time.h
configure:12977: checking for ptrdiff_t
configure:12977: gcc -std=gnu99 -c -g -O2  conftest.c >&5
configure:12977: $? = 0
configure:12977: gcc -std=gnu99 -c -g -O2  conftest.c >&5
conftest.c: In function 'main':
conftest.c:75:24: error: expected expression before ')' token
 if (sizeof ((ptrdiff_t)))
                        ^
configure:12977: $? = 1
configure: failed program was:
| /* confdefs.h */
| #define PACKAGE_NAME "Apophenia"
| #define PACKAGE_TARNAME "apophenia"
| #define PACKAGE_VERSION "0.999"
| #define PACKAGE_STRING "Apophenia 0.999"
| #define PACKAGE_BUGREPORT "fluffmail@f-m.fm"
| #define PACKAGE_URL ""
| #define PACKAGE "apophenia"
| #define VERSION "0.999"
| #define STDC_HEADERS 1
| #define HAVE_SYS_TYPES_H 1
| #define HAVE_SYS_STAT_H 1
| #define HAVE_STDLIB_H 1
| #define HAVE_STRING_H 1
| #define HAVE_MEMORY_H 1
| #define HAVE_STRINGS_H 1
| #define HAVE_INTTYPES_H 1
| #define HAVE_STDINT_H 1
| #define HAVE_UNISTD_H 1
| #define HAVE_DLFCN_H 1
| #define LT_OBJDIR ".libs/"
| #define HAVE_LIBM 1
| #define HAVE_LIBGSLCBLAS 1
| #define HAVE_LIBGSL 1
| #define HAVE_LIBSQLITE3 1
| #define HAVE_ALLOCA_H 1
| #define HAVE_ALLOCA 1
| #define STDC_HEADERS 1
| #define HAVE_FLOAT_H 1
| #define HAVE_INTTYPES_H 1
| #define HAVE_LIMITS_H 1
| #define HAVE_STDDEF_H 1
| #define HAVE_STDINT_H 1
| #define HAVE_STDLIB_H 1
| #define HAVE_STRING_H 1
| #define HAVE_UNISTD_H 1
| #define HAVE_WCHAR_H 1
| /* end confdefs.h.  */
| #include <stdio.h>
| #ifdef HAVE_SYS_TYPES_H
| # include <sys/types.h>
| #endif
| #ifdef HAVE_SYS_STAT_H
| # include <sys/stat.h>
| #endif
| #ifdef STDC_HEADERS
| # include <stdlib.h>
| # include <stddef.h>
| #else
| # ifdef HAVE_STDLIB_H
| #  include <stdlib.h>
| # endif
| #endif
| #ifdef HAVE_STRING_H
| # if !defined STDC_HEADERS && defined HAVE_MEMORY_H
| #  include <memory.h>
| # endif
| # include <string.h>
| #endif
| #ifdef HAVE_STRINGS_H
| # include <strings.h>
| #endif
| #ifdef HAVE_INTTYPES_H
| # include <inttypes.h>
| #endif
| #ifdef HAVE_STDINT_H
| # include <stdint.h>
| #endif
| #ifdef HAVE_UNISTD_H
| # include <unistd.h>
| #endif
| int
| main ()
| {
| if (sizeof ((ptrdiff_t)))
| 	    return 0;
|   ;
|   return 0;
| }
configure:12977: result: yes
configure:12988: checking for __attribute__
configure:13010: gcc -std=gnu99 -c -g -O2  conftest.c >&5
configure:13010: $? = 0
configure:13019: result: yes
configure:13031: checking for stdlib.h
configure:13031: result: yes
configure:13041: checking for GNU libc compatible malloc
configure:13065: gcc -std=gnu99 -o conftest -g -O2   conftest.c -lsqlite3 -lgsl -lgslcblas -lm  >&5
configure:13065: $? = 0
configure:13065: ./conftest
configure:13065: $? = 0
configure:13075: result: yes
configure:13098: checking for stdlib.h
configure:13098: result: yes
configure:13108: checking for GNU libc compatible realloc
configure:13132: gcc -std=gnu99 -o conftest -g -O2   conftest.c -lsqlite3 -lgsl -lgslcblas -lm  >&5
configure:13132: $? = 0
configure:13132: ./conftest
configure:13132: $? = 0
configure:13142: result: yes
configure:13163: checking for working strtod
configure:13204: gcc -std=gnu99 -o conftest -g -O2   conftest.c -lsqlite3 -lgsl -lgslcblas -lm  >&5
configure:13204: $? = 0
configure:13204: ./conftest
configure:13204: $? = 0
configure:13214: result: yes
configure:13279: checking for floor
configure:13279: gcc -std=gnu99 -o conftest -g -O2   conftest.c -lsqlite3 -lgsl -lgslcblas -lm  >&5
conftest.c:68:6: warning: conflicting types for built-in function 'floor' [enabled by default]
 char floor ();
      ^
configure:13279: $? = 0
configure:13279: result: yes
configure:13279: checking for memset
configure:13279: gcc -std=gnu99 -o conftest -g -O2   conftest.c -lsqlite3 -lgsl -lgslcblas -lm  >&5
conftest.c:69:6: warning: conflicting types for built-in function 'memset' [enabled by default]
 char memset ();
      ^
configure:13279: $? = 0
configure:13279: result: yes
configure:13279: checking for pow
configure:13279: gcc -std=gnu99 -o conftest -g -O2   conftest.c -lsqlite3 -lgsl -lgslcblas -lm  >&5
conftest.c:70:6: warning: conflicting types for built-in function 'pow' [enabled by default]
 char pow ();
      ^
configure:13279: $? = 0
configure:13279: result: yes
configure:13279: checking for regcomp
configure:13279: gcc -std=gnu99 -o conftest -g -O2   conftest.c -lsqlite3 -lgsl -lgslcblas -lm  >&5
configure:13279: $? = 0
configure:13279: result: yes
configure:13279: checking for sqrt
configure:13279: gcc -std=gnu99 -o conftest -g -O2   conftest.c -lsqlite3 -lgsl -lgslcblas -lm  >&5
conftest.c:72:6: warning: conflicting types for built-in function 'sqrt' [enabled by default]
 char sqrt ();
      ^
configure:13279: $? = 0
configure:13279: result: yes
configure:13279: checking for strcasecmp
configure:13279: gcc -std=gnu99 -o conftest -g -O2   conftest.c -lsqlite3 -lgsl -lgslcblas -lm  >&5
conftest.c:73:6: warning: conflicting types for built-in function 'strcasecmp' [enabled by default]
 char strcasecmp ();
      ^
configure:13279: $? = 0
configure:13279: result: yes
configure:13279: checking for asprintf
configure:13279: gcc -std=gnu99 -o conftest -g -O2   conftest.c -lsqlite3 -lgsl -lgslcblas -lm  >&5
configure:13279: $? = 0
configure:13279: result: yes
configure:13323: checking for mysql_config
configure:13341: found /usr/bin/mysql_config
configure:13354: result: /usr/bin/mysql_config
configure:13365: checking for MySQL libraries
configure:13376: checking for /usr/include/mysql/my_global.h
configure:13390: result: yes
configure:13502: checking for SQLite3 library >= 3.0.0
configure:13552: gcc -std=gnu99 -c -g -O2  -I/usr/include conftest.c >&5
configure:13552: $? = 0
configure:13554: result: yes
configure:13783: checking for the pthreads library -lpthreads
configure:13816: gcc -std=gnu99 -o conftest -g -O2    conftest.c -lpthreads -lsqlite3 -lgsl -lgslcblas -lm  >&5
/usr/bin/ld: cannot find -lpthreads
collect2: error: ld returned 1 exit status
configure:13816: $? = 1
configure: failed program was:
| /* confdefs.h */
| #define PACKAGE_NAME "Apophenia"
| #define PACKAGE_TARNAME "apophenia"
| #define PACKAGE_VERSION "0.999"
| #define PACKAGE_STRING "Apophenia 0.999"
| #define PACKAGE_BUGREPORT "fluffmail@f-m.fm"
| #define PACKAGE_URL ""
| #define PACKAGE "apophenia"
| #define VERSION "0.999"
| #define STDC_HEADERS 1
| #define HAVE_SYS_TYPES_H 1
| #define HAVE_SYS_STAT_H 1
| #define HAVE_STDLIB_H 1
| #define HAVE_STRING_H 1
| #define HAVE_MEMORY_H 1
| #define HAVE_STRINGS_H 1
| #define HAVE_INTTYPES_H 1
| #define HAVE_STDINT_H 1
| #define HAVE_UNISTD_H 1
| #define HAVE_DLFCN_H 1
| #define LT_OBJDIR ".libs/"
| #define HAVE_LIBM 1
| #define HAVE_LIBGSLCBLAS 1
| #define HAVE_LIBGSL 1
| #define HAVE_LIBSQLITE3 1
| #define HAVE_ALLOCA_H 1
| #define HAVE_ALLOCA 1
| #define STDC_HEADERS 1
| #define HAVE_FLOAT_H 1
| #define HAVE_INTTYPES_H 1
| #define HAVE_LIMITS_H 1
| #define HAVE_STDDEF_H 1
| #define HAVE_STDINT_H 1
| #define HAVE_STDLIB_H 1
| #define HAVE_STRING_H 1
| #define HAVE_UNISTD_H 1
| #define HAVE_WCHAR_H 1
| #define HAVE_PTRDIFF_T 1
| #define HAVE___ATTRIBUTE__ 1
| #define HAVE_STDLIB_H 1
| #define HAVE_MALLOC 1
| #define HAVE_STDLIB_H 1
| #define HAVE_REALLOC 1
| #define HAVE_FLOOR 1
| #define HAVE_MEMSET 1
| #define HAVE_POW 1
| #define HAVE_REGCOMP 1
| #define HAVE_SQRT 1
| #define HAVE_STRCASECMP 1
| #define HAVE_ASPRINTF 1
| #define HAVE_MYSQL 1
| #define HAVE_SQLITE3 /**/
| /* end confdefs.h.  */
| #include <pthread.h>
| int
| main ()
| {
| pthread_t th; pthread_join(th, 0);
|                      pthread_attr_init(0); pthread_cleanup_push(0, 0);
|                      pthread_create(0,0,0,0); pthread_cleanup_pop(0);
|   ;
|   return 0;
| }
configure:13825: result: no
configure:13728: checking whether pthreads work without any flags
configure:13816: gcc -std=gnu99 -o conftest -g -O2    conftest.c  -lsqlite3 -lgsl -lgslcblas -lm  >&5
/usr/bin/ld: /tmp/ccpErt14.o: undefined reference to symbol 'pthread_create@@GLIBC_2.2.5'
/usr/bin/ld: note: 'pthread_create@@GLIBC_2.2.5' is defined in DSO /lib64/libpthread.so.0 so try adding it to the linker command line
/lib64/libpthread.so.0: could not read symbols: Invalid operation
collect2: error: ld returned 1 exit status
configure:13816: $? = 1
configure: failed program was:
| /* confdefs.h */
| #define PACKAGE_NAME "Apophenia"
| #define PACKAGE_TARNAME "apophenia"
| #define PACKAGE_VERSION "0.999"
| #define PACKAGE_STRING "Apophenia 0.999"
| #define PACKAGE_BUGREPORT "fluffmail@f-m.fm"
| #define PACKAGE_URL ""
| #define PACKAGE "apophenia"
| #define VERSION "0.999"
| #define STDC_HEADERS 1
| #define HAVE_SYS_TYPES_H 1
| #define HAVE_SYS_STAT_H 1
| #define HAVE_STDLIB_H 1
| #define HAVE_STRING_H 1
| #define HAVE_MEMORY_H 1
| #define HAVE_STRINGS_H 1
| #define HAVE_INTTYPES_H 1
| #define HAVE_STDINT_H 1
| #define HAVE_UNISTD_H 1
| #define HAVE_DLFCN_H 1
| #define LT_OBJDIR ".libs/"
| #define HAVE_LIBM 1
| #define HAVE_LIBGSLCBLAS 1
| #define HAVE_LIBGSL 1
| #define HAVE_LIBSQLITE3 1
| #define HAVE_ALLOCA_H 1
| #define HAVE_ALLOCA 1
| #define STDC_HEADERS 1
| #define HAVE_FLOAT_H 1
| #define HAVE_INTTYPES_H 1
| #define HAVE_LIMITS_H 1
| #define HAVE_STDDEF_H 1
| #define HAVE_STDINT_H 1
| #define HAVE_STDLIB_H 1
| #define HAVE_STRING_H 1
| #define HAVE_UNISTD_H 1
| #define HAVE_WCHAR_H 1
| #define HAVE_PTRDIFF_T 1
| #define HAVE___ATTRIBUTE__ 1
| #define HAVE_STDLIB_H 1
| #define HAVE_MALLOC 1
| #define HAVE_STDLIB_H 1
| #define HAVE_REALLOC 1
| #define HAVE_FLOOR 1
| #define HAVE_MEMSET 1
| #define HAVE_POW 1
| #define HAVE_REGCOMP 1
| #define HAVE_SQRT 1
| #define HAVE_STRCASECMP 1
| #define HAVE_ASPRINTF 1
| #define HAVE_MYSQL 1
| #define HAVE_SQLITE3 /**/
| /* end confdefs.h.  */
| #include <pthread.h>
| int
| main ()
| {
| pthread_t th; pthread_join(th, 0);
|                      pthread_attr_init(0); pthread_cleanup_push(0, 0);
|                      pthread_create(0,0,0,0); pthread_cleanup_pop(0);
|   ;
|   return 0;
| }
configure:13825: result: no
configure:13733: checking whether pthreads work with -Kthread
configure:13816: gcc -std=gnu99 -o conftest -g -O2 -Kthread   conftest.c  -lsqlite3 -lgsl -lgslcblas -lm  >&5
gcc: error: unrecognized command line option '-Kthread'
configure:13816: $? = 1
configure: failed program was:
| /* confdefs.h */
| #define PACKAGE_NAME "Apophenia"
| #define PACKAGE_TARNAME "apophenia"
| #define PACKAGE_VERSION "0.999"
| #define PACKAGE_STRING "Apophenia 0.999"
| #define PACKAGE_BUGREPORT "fluffmail@f-m.fm"
| #define PACKAGE_URL ""
| #define PACKAGE "apophenia"
| #define VERSION "0.999"
| #define STDC_HEADERS 1
| #define HAVE_SYS_TYPES_H 1
| #define HAVE_SYS_STAT_H 1
| #define HAVE_STDLIB_H 1
| #define HAVE_STRING_H 1
| #define HAVE_MEMORY_H 1
| #define HAVE_STRINGS_H 1
| #define HAVE_INTTYPES_H 1
| #define HAVE_STDINT_H 1
| #define HAVE_UNISTD_H 1
| #define HAVE_DLFCN_H 1
| #define LT_OBJDIR ".libs/"
| #define HAVE_LIBM 1
| #define HAVE_LIBGSLCBLAS 1
| #define HAVE_LIBGSL 1
| #define HAVE_LIBSQLITE3 1
| #define HAVE_ALLOCA_H 1
| #define HAVE_ALLOCA 1
| #define STDC_HEADERS 1
| #define HAVE_FLOAT_H 1
| #define HAVE_INTTYPES_H 1
| #define HAVE_LIMITS_H 1
| #define HAVE_STDDEF_H 1
| #define HAVE_STDINT_H 1
| #define HAVE_STDLIB_H 1
| #define HAVE_STRING_H 1
| #define HAVE_UNISTD_H 1
| #define HAVE_WCHAR_H 1
| #define HAVE_PTRDIFF_T 1
| #define HAVE___ATTRIBUTE__ 1
| #define HAVE_STDLIB_H 1
| #define HAVE_MALLOC 1
| #define HAVE_STDLIB_H 1
| #define HAVE_REALLOC 1
| #define HAVE_FLOOR 1
| #define HAVE_MEMSET 1
| #define HAVE_POW 1
| #define HAVE_REGCOMP 1
| #define HAVE_SQRT 1
| #define HAVE_STRCASECMP 1
| #define HAVE_ASPRINTF 1
| #define HAVE_MYSQL 1
| #define HAVE_SQLITE3 /**/
| /* end confdefs.h.  */
| #include <pthread.h>
| int
| main ()
| {
| pthread_t th; pthread_join(th, 0);
|                      pthread_attr_init(0); pthread_cleanup_push(0, 0);
|                      pthread_create(0,0,0,0); pthread_cleanup_pop(0);
|   ;
|   return 0;
| }
configure:13825: result: no
configure:13733: checking whether pthreads work with -kthread
configure:13816: gcc -std=gnu99 -o conftest -g -O2 -kthread   conftest.c  -lsqlite3 -lgsl -lgslcblas -lm  >&5
gcc: error: unrecognized command line option '-kthread'
configure:13816: $? = 1
configure: failed program was:
| /* confdefs.h */
| #define PACKAGE_NAME "Apophenia"
| #define PACKAGE_TARNAME "apophenia"
| #define PACKAGE_VERSION "0.999"
| #define PACKAGE_STRING "Apophenia 0.999"
| #define PACKAGE_BUGREPORT "fluffmail@f-m.fm"
| #define PACKAGE_URL ""
| #define PACKAGE "apophenia"
| #define VERSION "0.999"
| #define STDC_HEADERS 1
| #define HAVE_SYS_TYPES_H 1
| #define HAVE_SYS_STAT_H 1
| #define HAVE_STDLIB_H 1
| #define HAVE_STRING_H 1
| #define HAVE_MEMORY_H 1
| #define HAVE_STRINGS_H 1
| #define HAVE_INTTYPES_H 1
| #define HAVE_STDINT_H 1
| #define HAVE_UNISTD_H 1
| #define HAVE_DLFCN_H 1
| #define LT_OBJDIR ".libs/"
| #define HAVE_LIBM 1
| #define HAVE_LIBGSLCBLAS 1
| #define HAVE_LIBGSL 1
| #define HAVE_LIBSQLITE3 1
| #define HAVE_ALLOCA_H 1
| #define HAVE_ALLOCA 1
| #define STDC_HEADERS 1
| #define HAVE_FLOAT_H 1
| #define HAVE_INTTYPES_H 1
| #define HAVE_LIMITS_H 1
| #define HAVE_STDDEF_H 1
| #define HAVE_STDINT_H 1
| #define HAVE_STDLIB_H 1
| #define HAVE_STRING_H 1
| #define HAVE_UNISTD_H 1
| #define HAVE_WCHAR_H 1
| #define HAVE_PTRDIFF_T 1
| #define HAVE___ATTRIBUTE__ 1
| #define HAVE_STDLIB_H 1
| #define HAVE_MALLOC 1
| #define HAVE_STDLIB_H 1
| #define HAVE_REALLOC 1
| #define HAVE_FLOOR 1
| #define HAVE_MEMSET 1
| #define HAVE_POW 1
| #define HAVE_REGCOMP 1
| #define HAVE_SQRT 1
| #define HAVE_STRCASECMP 1
| #define HAVE_ASPRINTF 1
| #define HAVE_MYSQL 1
| #define HAVE_SQLITE3 /**/
| /* end confdefs.h.  */
| #include <pthread.h>
| int
| main ()
| {
| pthread_t th; pthread_join(th, 0);
|                      pthread_attr_init(0); pthread_cleanup_push(0, 0);
|                      pthread_create(0,0,0,0); pthread_cleanup_pop(0);
|   ;
|   return 0;
| }
configure:13825: result: no
configure:13783: checking for the pthreads library -llthread
configure:13816: gcc -std=gnu99 -o conftest -g -O2    conftest.c -llthread -lsqlite3 -lgsl -lgslcblas -lm  >&5
/usr/bin/ld: cannot find -llthread
collect2: error: ld returned 1 exit status
configure:13816: $? = 1
configure: failed program was:
| /* confdefs.h */
| #define PACKAGE_NAME "Apophenia"
| #define PACKAGE_TARNAME "apophenia"
| #define PACKAGE_VERSION "0.999"
| #define PACKAGE_STRING "Apophenia 0.999"
| #define PACKAGE_BUGREPORT "fluffmail@f-m.fm"
| #define PACKAGE_URL ""
| #define PACKAGE "apophenia"
| #define VERSION "0.999"
| #define STDC_HEADERS 1
| #define HAVE_SYS_TYPES_H 1
| #define HAVE_SYS_STAT_H 1
| #define HAVE_STDLIB_H 1
| #define HAVE_STRING_H 1
| #define HAVE_MEMORY_H 1
| #define HAVE_STRINGS_H 1
| #define HAVE_INTTYPES_H 1
| #define HAVE_STDINT_H 1
| #define HAVE_UNISTD_H 1
| #define HAVE_DLFCN_H 1
| #define LT_OBJDIR ".libs/"
| #define HAVE_LIBM 1
| #define HAVE_LIBGSLCBLAS 1
| #define HAVE_LIBGSL 1
| #define HAVE_LIBSQLITE3 1
| #define HAVE_ALLOCA_H 1
| #define HAVE_ALLOCA 1
| #define STDC_HEADERS 1
| #define HAVE_FLOAT_H 1
| #define HAVE_INTTYPES_H 1
| #define HAVE_LIMITS_H 1
| #define HAVE_STDDEF_H 1
| #define HAVE_STDINT_H 1
| #define HAVE_STDLIB_H 1
| #define HAVE_STRING_H 1
| #define HAVE_UNISTD_H 1
| #define HAVE_WCHAR_H 1
| #define HAVE_PTRDIFF_T 1
| #define HAVE___ATTRIBUTE__ 1
| #define HAVE_STDLIB_H 1
| #define HAVE_MALLOC 1
| #define HAVE_STDLIB_H 1
| #define HAVE_REALLOC 1
| #define HAVE_FLOOR 1
| #define HAVE_MEMSET 1
| #define HAVE_POW 1
| #define HAVE_REGCOMP 1
| #define HAVE_SQRT 1
| #define HAVE_STRCASECMP 1
| #define HAVE_ASPRINTF 1
| #define HAVE_MYSQL 1
| #define HAVE_SQLITE3 /**/
| /* end confdefs.h.  */
| #include <pthread.h>
| int
| main ()
| {
| pthread_t th; pthread_join(th, 0);
|                      pthread_attr_init(0); pthread_cleanup_push(0, 0);
|                      pthread_create(0,0,0,0); pthread_cleanup_pop(0);
|   ;
|   return 0;
| }
configure:13825: result: no
configure:13733: checking whether pthreads work with -pthread
configure:13816: gcc -std=gnu99 -o conftest -g -O2 -pthread   conftest.c  -lsqlite3 -lgsl -lgslcblas -lm  >&5
configure:13816: $? = 0
configure:13825: result: yes
configure:13844: checking for joinable pthread attribute
configure:13859: gcc -std=gnu99 -o conftest -g -O2 -pthread   conftest.c  -lsqlite3 -lgsl -lgslcblas -lm  >&5
configure:13859: $? = 0
configure:13865: result: PTHREAD_CREATE_JOINABLE
configure:13875: checking if more special flags are required for pthreads
configure:13882: result: no
configure:13972: checking for gcc -std=gnu99 option to support OpenMP
configure:13987: gcc -std=gnu99 -o conftest -g -O2   conftest.c -lsqlite3 -lgsl -lgslcblas -lm  >&5
conftest.c:57:2: error: unknown type name 'choke'
  choke me
  ^
In file included from conftest.c:59:0:
/usr/lib/gcc/x86_64-redhat-linux/4.8.2/include/omp.h:34:1: error: expected '=', ',', ';', 'asm' or '__attribute__' before 'typedef'
 typedef struct
 ^
configure:13987: $? = 1
configure: failed program was:
| /* confdefs.h */
| #define PACKAGE_NAME "Apophenia"
| #define PACKAGE_TARNAME "apophenia"
| #define PACKAGE_VERSION "0.999"
| #define PACKAGE_STRING "Apophenia 0.999"
| #define PACKAGE_BUGREPORT "fluffmail@f-m.fm"
| #define PACKAGE_URL ""
| #define PACKAGE "apophenia"
| #define VERSION "0.999"
| #define STDC_HEADERS 1
| #define HAVE_SYS_TYPES_H 1
| #define HAVE_SYS_STAT_H 1
| #define HAVE_STDLIB_H 1
| #define HAVE_STRING_H 1
| #define HAVE_MEMORY_H 1
| #define HAVE_STRINGS_H 1
| #define HAVE_INTTYPES_H 1
| #define HAVE_STDINT_H 1
| #define HAVE_UNISTD_H 1
| #define HAVE_DLFCN_H 1
| #define LT_OBJDIR ".libs/"
| #define HAVE_LIBM 1
| #define HAVE_LIBGSLCBLAS 1
| #define HAVE_LIBGSL 1
| #define HAVE_LIBSQLITE3 1
| #define HAVE_ALLOCA_H 1
| #define HAVE_ALLOCA 1
| #define STDC_HEADERS 1
| #define HAVE_FLOAT_H 1
| #define HAVE_INTTYPES_H 1
| #define HAVE_LIMITS_H 1
| #define HAVE_STDDEF_H 1
| #define HAVE_STDINT_H 1
| #define HAVE_STDLIB_H 1
| #define HAVE_STRING_H 1
| #define HAVE_UNISTD_H 1
| #define HAVE_WCHAR_H 1
| #define HAVE_PTRDIFF_T 1
| #define HAVE___ATTRIBUTE__ 1
| #define HAVE_STDLIB_H 1
| #define HAVE_MALLOC 1
| #define HAVE_STDLIB_H 1
| #define HAVE_REALLOC 1
| #define HAVE_FLOOR 1
| #define HAVE_MEMSET 1
| #define HAVE_POW 1
| #define HAVE_REGCOMP 1
| #define HAVE_SQRT 1
| #define HAVE_STRCASECMP 1
| #define HAVE_ASPRINTF 1
| #define HAVE_MYSQL 1
| #define HAVE_SQLITE3 /**/
| #define HAVE_PTHREAD 1
| /* end confdefs.h.  */
| 
| #ifndef _OPENMP
|  choke me
| #endif
| #include <omp.h>
| int main () { return omp_get_num_threads (); }
| 
configure:14005: gcc -std=gnu99 -o conftest -g -O2 -fopenmp   conftest.c -lsqlite3 -lgsl -lgslcblas -lm  >&5
configure:14005: $? = 0
configure:14019: result: -fopenmp
configure:14142: checking that generated files are newer than configure
configure:14148: result: done
configure:14179: creating ./config.status

## ---------------------- ##
## Running config.status. ##
## ---------------------- ##

This file was extended by Apophenia config.status 0.999, which was
generated by GNU Autoconf 2.69.  Invocation command line was

  CONFIG_FILES    = 
  CONFIG_HEADERS  = 
  CONFIG_LINKS    = 
  CONFIG_COMMANDS = 
  $ ./config.status 

on Anna

config.status:1132: creating Makefile
config.status:1132: creating tests/Makefile
config.status:1132: creating apophenia.pc
config.status:1132: creating config.h
config.status:1361: executing depfiles commands
config.status:1361: executing libtool commands

## ---------------- ##
## Cache variables. ##
## ---------------- ##

ac_cv_build=x86_64-unknown-linux-gnu
ac_cv_c_compiler_gnu=yes
ac_cv_c_const=yes
ac_cv_c_inline=inline
ac_cv_env_CC_set=
ac_cv_env_CC_value=
ac_cv_env_CFLAGS_set=
ac_cv_env_CFLAGS_value=
ac_cv_env_CPPFLAGS_set=
ac_cv_env_CPPFLAGS_value=
ac_cv_env_CPP_set=
ac_cv_env_CPP_value=
ac_cv_env_LDFLAGS_set=
ac_cv_env_LDFLAGS_value=
ac_cv_env_LIBS_set=
ac_cv_env_LIBS_value=
ac_cv_env_build_alias_set=
ac_cv_env_build_alias_value=
ac_cv_env_host_alias_set=
ac_cv_env_host_alias_value=
ac_cv_env_target_alias_set=
ac_cv_env_target_alias_value=
ac_cv_file__usr_include_mysql_my_global_h=yes
ac_cv_func_alloca_works=yes
ac_cv_func_asprintf=yes
ac_cv_func_floor=yes
ac_cv_func_malloc_0_nonnull=yes
ac_cv_func_memset=yes
ac_cv_func_pow=yes
ac_cv_func_realloc_0_nonnull=yes
ac_cv_func_regcomp=yes
ac_cv_func_sqrt=yes
ac_cv_func_strcasecmp=yes
ac_cv_func_strtod=yes
ac_cv_header_dlfcn_h=yes
ac_cv_header_float_h=yes
ac_cv_header_gsl_gsl_matrix_h=yes
ac_cv_header_inttypes_h=yes
ac_cv_header_limits_h=yes
ac_cv_header_memory_h=yes
ac_cv_header_sqlite3_h=yes
ac_cv_header_stdc=yes
ac_cv_header_stddef_h=yes
ac_cv_header_stdint_h=yes
ac_cv_header_stdlib_h=yes
ac_cv_header_string_h=yes
ac_cv_header_strings_h=yes
ac_cv_header_sys_stat_h=yes
ac_cv_header_sys_types_h=yes
ac_cv_header_unistd_h=yes
ac_cv_header_wchar_h=yes
ac_cv_host=x86_64-unknown-linux-gnu
ac_cv_lib_gsl_gsl_blas_dgemm=yes
ac_cv_lib_gslcblas_cblas_dgemm=yes
ac_cv_lib_m_cos=yes
ac_cv_lib_sqlite3_sqlite3_exec=yes
ac_cv_objext=o
ac_cv_path_EGREP='/usr/bin/grep -E'
ac_cv_path_FGREP='/usr/bin/grep -F'
ac_cv_path_GREP=/usr/bin/grep
ac_cv_path_MYSQL_CONFIG=/usr/bin/mysql_config
ac_cv_path_SED=/usr/bin/sed
ac_cv_path_install='/usr/bin/install -c'
ac_cv_path_mkdir=/usr/bin/mkdir
ac_cv_prog_AWK=gawk
ac_cv_prog_CPP='gcc -E'
ac_cv_prog_ac_ct_AR=ar
ac_cv_prog_ac_ct_CC=gcc
ac_cv_prog_ac_ct_OBJDUMP=objdump
ac_cv_prog_ac_ct_RANLIB=ranlib
ac_cv_prog_ac_ct_STRIP=strip
ac_cv_prog_c_openmp=-fopenmp
ac_cv_prog_cc_c89=
ac_cv_prog_cc_c99=-std=gnu99
ac_cv_prog_cc_g=yes
ac_cv_prog_make_make_set=yes
ac_cv_struct_tm=time.h
ac_cv_type_ptrdiff_t=yes
ac_cv_type_size_t=yes
ac_cv_working_alloca_h=yes
am_cv_CC_dependencies_compiler_type=gcc3
am_cv_make_support_nested_variables=yes
ax_cv___attribute__=yes
lt_cv_ar_at_file=@
lt_cv_archive_cmds_need_lc=no
lt_cv_deplibs_check_method=pass_all
lt_cv_file_magic_cmd='$MAGIC_CMD'
lt_cv_file_magic_test_file=
lt_cv_ld_reload_flag=-r
lt_cv_nm_interface='BSD nm'
lt_cv_objdir=.libs
lt_cv_path_LD=/usr/bin/ld
lt_cv_path_NM='/usr/bin/nm -B'
lt_cv_path_mainfest_tool=no
lt_cv_prog_compiler_c_o=yes
lt_cv_prog_compiler_pic='-fPIC -DPIC'
lt_cv_prog_compiler_pic_works=yes
lt_cv_prog_compiler_rtti_exceptions=no
lt_cv_prog_compiler_static_works=no
lt_cv_prog_gnu_ld=yes
lt_cv_sharedlib_from_linklib_cmd='printf %s\n'
lt_cv_shlibpath_overrides_runpath=no
lt_cv_sys_global_symbol_pipe='sed -n -e '\''s/^.*[	 ]\([ABCDGIRSTW][ABCDGIRSTW]*\)[	 ][	 ]*\([_A-Za-z][_A-Za-z0-9]*\)$/\1 \2 \2/p'\'' | sed '\''/ __gnu_lto/d'\'''
lt_cv_sys_global_symbol_to_c_name_address='sed -n -e '\''s/^: \([^ ]*\)[ ]*$/  {\"\1\", (void *) 0},/p'\'' -e '\''s/^[ABCDGIRSTW]* \([^ ]*\) \([^ ]*\)$/  {"\2", (void *) \&\2},/p'\'''
lt_cv_sys_global_symbol_to_c_name_address_lib_prefix='sed -n -e '\''s/^: \([^ ]*\)[ ]*$/  {\"\1\", (void *) 0},/p'\'' -e '\''s/^[ABCDGIRSTW]* \([^ ]*\) \(lib[^ ]*\)$/  {"\2", (void *) \&\2},/p'\'' -e '\''s/^[ABCDGIRSTW]* \([^ ]*\) \([^ ]*\)$/  {"lib\2", (void *) \&\2},/p'\'''
lt_cv_sys_global_symbol_to_cdecl='sed -n -e '\''s/^T .* \(.*\)$/extern int \1();/p'\'' -e '\''s/^[ABCDGIRSTW]* .* \(.*\)$/extern char \1;/p'\'''
lt_cv_sys_max_cmd_len=1572864
lt_cv_to_host_file_cmd=func_convert_file_noop
lt_cv_to_tool_file_cmd=func_convert_file_noop

## ----------------- ##
## Output variables. ##
## ----------------- ##

ACLOCAL='${SHELL} /home/b/Apophenia/missing aclocal-1.13'
ALLOCA=''
AMDEPBACKSLASH='\'
AMDEP_FALSE='#'
AMDEP_TRUE=''
AMTAR='$${TAR-tar}'
AM_BACKSLASH='\'
AM_DEFAULT_V='$(AM_DEFAULT_VERBOSITY)'
AM_DEFAULT_VERBOSITY='0'
AM_V='$(V)'
AR='ar'
AUTOCONF='${SHELL} /home/b/Apophenia/missing autoconf'
AUTOHEADER='${SHELL} /home/b/Apophenia/missing autoheader'
AUTOMAKE='${SHELL} /home/b/Apophenia/missing automake-1.13'
AWK='gawk'
CC='gcc -std=gnu99'
CCDEPMODE='depmode=gcc3'
CFLAGS='-g -O2'
CPP='gcc -E'
CPPFLAGS=''
CYGPATH_W='echo'
DEFS='-DHAVE_CONFIG_H'
DEPDIR='.deps'
DLLTOOL='false'
DSYMUTIL=''
DUMPBIN=''
ECHO_C=''
ECHO_N='-n'
ECHO_T=''
EGREP='/usr/bin/grep -E'
EXEEXT=''
FGREP='/usr/bin/grep -F'
GREP='/usr/bin/grep'
HAVE_MYSQL_FALSE=''
HAVE_MYSQL_TRUE='#'
INSTALL_DATA='${INSTALL} -m 644'
INSTALL_PROGRAM='${INSTALL}'
INSTALL_SCRIPT='${INSTALL}'
INSTALL_STRIP_PROGRAM='$(install_sh) -c -s'
LD='/usr/bin/ld -m elf_x86_64'
LDFLAGS=''
LIBOBJS=''
LIBS='-lsqlite3 -lgsl -lgslcblas -lm '
LIBTOOL='$(SHELL) $(top_builddir)/libtool'
LIPO=''
LN_S='ln -s'
LTLIBOBJS=''
MAKEINFO='${SHELL} /home/b/Apophenia/missing makeinfo'
MANIFEST_TOOL=':'
MKDIR_P='/usr/bin/mkdir -p'
MYSQL_CFLAGS='-I/usr/include/mysql -g -pipe -Wp,-D_FORTIFY_SOURCE=2 -fexceptions -fstack-protector-strong --param=ssp-buffer-size=4 -grecord-gcc-switches  -m64 -D_GNU_SOURCE -D_FILE_OFFSET_BITS=64 -D_LARGEFILE_SOURCE -fPIC  -g -static-libgcc -fno-omit-frame-pointer -fno-strict-aliasing  -DMY_PTHREAD_FASTMUTEX=1'
MYSQL_CONFIG='/usr/bin/mysql_config'
MYSQL_LDFLAGS='-L/usr/lib64/mysql -lmysqlclient -lpthread -lz -lm -lssl -lcrypto -ldl'
MYSQL_VERSION='5.5.37'
NM='/usr/bin/nm -B'
NMEDIT=''
OBJDUMP='objdump'
OBJEXT='o'
OPENMP_CFLAGS='-fopenmp'
OTOOL64=''
OTOOL=''
PACKAGE='apophenia'
PACKAGE_BUGREPORT='fluffmail@f-m.fm'
PACKAGE_NAME='apophenia'
PACKAGE_STRING='Apophenia 0.999'
PACKAGE_TARNAME='apophenia'
PACKAGE_URL=''
PACKAGE_VERSION='0.999'
PATH_SEPARATOR=':'
POW_LIB=''
PTHREAD_CC='gcc -std=gnu99'
PTHREAD_CFLAGS='-pthread'
PTHREAD_LIBS=''
RANLIB='ranlib'
SED='/usr/bin/sed'
SET_MAKE=''
SHELL='/bin/sh'
SQLITE3_CFLAGS='-I/usr/include'
SQLITE3_LDFLAGS='-L/usr/lib -lsqlite3'
SQLITE3_VERSION='3.8.4.3'
STRIP='strip'
VERSION='0.999'
ac_ct_AR='ar'
ac_ct_CC='gcc'
ac_ct_DUMPBIN=''
acx_pthread_config=''
am__EXEEXT_FALSE=''
am__EXEEXT_TRUE='#'
am__fastdepCC_FALSE='#'
am__fastdepCC_TRUE=''
am__include='include'
am__isrc=''
am__leading_dot='.'
am__nodep='_no'
am__quote=''
am__tar='$${TAR-tar} chof - "$$tardir"'
am__untar='$${TAR-tar} xf -'
bindir='${exec_prefix}/bin'
build='x86_64-unknown-linux-gnu'
build_alias=''
build_cpu='x86_64'
build_os='linux-gnu'
build_vendor='unknown'
datadir='${datarootdir}'
datarootdir='${prefix}/share'
docdir='${datarootdir}/doc/${PACKAGE_TARNAME}'
dvidir='${docdir}'
exec_prefix='${prefix}'
host='x86_64-unknown-linux-gnu'
host_alias=''
host_cpu='x86_64'
host_os='linux-gnu'
host_vendor='unknown'
htmldir='${docdir}'
includedir='${prefix}/include'
infodir='${datarootdir}/info'
install_sh='${SHELL} /home/b/Apophenia/install-sh'
libdir='${exec_prefix}/lib'
libexecdir='${exec_prefix}/libexec'
localedir='${datarootdir}/locale'
localstatedir='${prefix}/var'
mandir='${datarootdir}/man'
mkdir_p='$(MKDIR_P)'
oldincludedir='/usr/include'
pdfdir='${docdir}'
prefix='/usr'
program_transform_name='s,x,x,'
psdir='${docdir}'
sbindir='${exec_prefix}/sbin'
sharedstatedir='${prefix}/com'
sysconfdir='${prefix}/etc'
target_alias=''

## ----------- ##
## confdefs.h. ##
## ----------- ##

/* confdefs.h */
#define PACKAGE_NAME "Apophenia"
#define PACKAGE_TARNAME "apophenia"
#define PACKAGE_VERSION "0.999"
#define PACKAGE_STRING "Apophenia 0.999"
#define PACKAGE_BUGREPORT "fluffmail@f-m.fm"
#define PACKAGE_URL ""
#define PACKAGE "apophenia"
#define VERSION "0.999"
#define STDC_HEADERS 1
#define HAVE_SYS_TYPES_H 1
#define HAVE_SYS_STAT_H 1
#define HAVE_STDLIB_H 1
#define HAVE_STRING_H 1
#define HAVE_MEMORY_H 1
#define HAVE_STRINGS_H 1
#define HAVE_INTTYPES_H 1
#define HAVE_STDINT_H 1
#define HAVE_UNISTD_H 1
#define HAVE_DLFCN_H 1
#define LT_OBJDIR ".libs/"
#define HAVE_LIBM 1
#define HAVE_LIBGSLCBLAS 1
#define HAVE_LIBGSL 1
#define HAVE_LIBSQLITE3 1
#define HAVE_ALLOCA_H 1
#define HAVE_ALLOCA 1
#define STDC_HEADERS 1
#define HAVE_FLOAT_H 1
#define HAVE_INTTYPES_H 1
#define HAVE_LIMITS_H 1
#define HAVE_STDDEF_H 1
#define HAVE_STDINT_H 1
#define HAVE_STDLIB_H 1
#define HAVE_STRING_H 1
#define HAVE_UNISTD_H 1
#define HAVE_WCHAR_H 1
#define HAVE_PTRDIFF_T 1
#define HAVE___ATTRIBUTE__ 1
#define HAVE_STDLIB_H 1
#define HAVE_MALLOC 1
#define HAVE_STDLIB_H 1
#define HAVE_REALLOC 1
#define HAVE_FLOOR 1
#define HAVE_MEMSET 1
#define HAVE_POW 1
#define HAVE_REGCOMP 1
#define HAVE_SQRT 1
#define HAVE_STRCASECMP 1
#define HAVE_ASPRINTF 1
#define HAVE_MYSQL 1
#define HAVE_SQLITE3 /**/
#define HAVE_PTHREAD 1

configure: exit 0
